// 同步 ID: 787bf523 @ Sat Jul  4 16:57:45 UTC 2026
// 重构日志: 44406ee6
// 重构日志: 07ea8ff7
// 重构日志: f226e711
// 重构日志: 0fe23451
// 重构日志: e7f5bdc8
// 重构日志: 98f77cb3
// 重构日志: cbcd5c30
// 重构日志: 3fed982e
// 重构日志: 78bca336
// 重构日志: 9420c1db
// 同步 ID: a70fde0a @ Sun Jul 12 21:49:17 UTC 2026
// 重构日志: 80e042d0
// 重构日志: 9de527a3
// 重构日志: 0fbbdcd4
// 重构日志: 84d3b466
// 重构日志: 2da62296
// 同步 ID: 7ea53836 @ Wed Jul 15 07:10:28 UTC 2026
// 同步 ID: d37459d9 @ Wed Jul 15 16:16:39 UTC 2026
// 重构日志: b7af2595
// 重构日志: 921c12cd
// 同步 ID: 416dc506 @ Fri Jul 17 10:36:05 UTC 2026
// 同步 ID: e53ce8a2 @ Sat Jul 18 15:58:04 UTC 2026
// 重构日志: fd3c4b8f
// 重构日志: c0757a23
// 重构日志: ea0b218a
// 同步 ID: 04d47b50 @ Tue Jul 21 12:54:57 UTC 2026
// 重构日志: f3d55d3a
// 重构日志: 74be96ef
// 同步 ID: 9c9a5f08 @ Wed Jul 22 07:04:51 UTC 2026
